[debug] [2023-03-15T18:47:35.694Z] ----------------------------------------------------------------------
[debug] [2023-03-15T18:47:35.696Z] Command:       /home/janus/.nvm/versions/node/v16.17.1/bin/node /home/janus/.nvm/versions/node/v16.17.1/bin/firebase init
[debug] [2023-03-15T18:47:35.696Z] CLI Version:   11.24.1
[debug] [2023-03-15T18:47:35.696Z] Platform:      linux
[debug] [2023-03-15T18:47:35.696Z] Node Version:  v16.17.1
[debug] [2023-03-15T18:47:35.698Z] Time:          Wed Mar 15 2023 14:47:35 GMT-0400 (Eastern Daylight Time)
[debug] [2023-03-15T18:47:35.698Z] ----------------------------------------------------------------------
[debug] 
[debug] [2023-03-15T18:47:35.701Z] > command requires scopes: ["email","openid","https://www.googleapis.com/auth/cloudplatformprojects.readonly","https://www.googleapis.com/auth/firebase","https://www.googleapis.com/auth/cloud-platform"]
[debug] [2023-03-15T18:47:35.701Z] > authorizing via signed-in user (zhuziqian.vip@gmail.com)
[info] 
     ######## #### ########  ######## ########     ###     ######  ########
     ##        ##  ##     ## ##       ##     ##  ##   ##  ##       ##
     ######    ##  ########  ######   ########  #########  ######  ######
     ##        ##  ##    ##  ##       ##     ## ##     ##       ## ##
     ##       #### ##     ## ######## ########  ##     ##  ######  ########

You're about to initialize a Firebase project in this directory:

  /home/janus/repos/firebase-course

[info] 
=== Project Setup
[info] 
[info] First, let's associate this project directory with a Firebase project.
[info] You can create multiple project aliases by running firebase use --add, 
[info] but for now we'll just set up a default project.
[info] 
[debug] [2023-03-15T18:48:29.354Z] >>> [apiv2][query] GET https://firebase.googleapis.com/v1beta1/projects pageSize=100
[debug] [2023-03-15T18:48:29.842Z] <<< [apiv2][status] GET https://firebase.googleapis.com/v1beta1/projects 200
[debug] [2023-03-15T18:48:29.842Z] <<< [apiv2][body] GET https://firebase.googleapis.com/v1beta1/projects [omitted]
[info] i  Using project fir-course-ca258 (firebase-course) 
[info] 
=== Hosting Setup
[info] 
[info] Your public directory is the folder (relative to your project directory) that
[info] will contain Hosting assets to be uploaded with firebase deploy. If you
[info] have a build process for your assets, use your build's output directory.
[info] 
[info] ✔  Wrote public/404.html 
[debug] [2023-03-15T18:49:56.646Z] >>> [apiv2][query] GET https://www.gstatic.com/firebasejs/releases.json [none]
[debug] [2023-03-15T18:49:57.201Z] <<< [apiv2][status] GET https://www.gstatic.com/firebasejs/releases.json 200
[debug] [2023-03-15T18:49:57.201Z] <<< [apiv2][body] GET https://www.gstatic.com/firebasejs/releases.json {"current":{"version":"9.17.2","browserURL":"https://www.gstatic.com/firebasejs/9.17.2/firebase.js","packageURL":"https://www.gstatic.com/firebasejs/9.17.2/firebase.tgz"},"live":{"version":"9.17","browserURL":"https://www.gstatic.com/firebasejs/live/9.17/firebase.js","packageURL":"https://www.gstatic.com/firebasejs/live/9.17/firebase.tgz"},"components":{"analytics":"https://www.gstatic.com/firebasejs/9.17.2/firebase-analytics.js","app":"https://www.gstatic.com/firebasejs/9.17.2/firebase-app.js","app-check":"https://www.gstatic.com/firebasejs/9.17.2/firebase-app-check.js","auth":"https://www.gstatic.com/firebasejs/9.17.2/firebase-auth.js","auth/cordova":"https://www.gstatic.com/firebasejs/9.17.2/firebase-auth/cordova.js","auth/react-native":"https://www.gstatic.com/firebasejs/9.17.2/firebase-auth/react-native.js","functions":"https://www.gstatic.com/firebasejs/9.17.2/firebase-functions.js","firestore":"https://www.gstatic.com/firebasejs/9.17.2/firebase-firestore.js","firestore/lite":"https://www.gstatic.com/firebasejs/9.17.2/firebase-firestore/lite.js","installations":"https://www.gstatic.com/firebasejs/9.17.2/firebase-installations.js","storage":"https://www.gstatic.com/firebasejs/9.17.2/firebase-storage.js","performance":"https://www.gstatic.com/firebasejs/9.17.2/firebase-performance.js","remote-config":"https://www.gstatic.com/firebasejs/9.17.2/firebase-remote-config.js","messaging":"https://www.gstatic.com/firebasejs/9.17.2/firebase-messaging.js","messaging/sw":"https://www.gstatic.com/firebasejs/9.17.2/firebase-messaging/sw.js","database":"https://www.gstatic.com/firebasejs/9.17.2/firebase-database.js","firestore.memory":"https://www.gstatic.com/firebasejs/9.17.2/firebase-firestore.memory.js"}}
[info] i  Skipping write of public/index.html 
[info] 
[info] i  Detected a .git folder at /home/janus/repos/firebase-course 
[info] i  Authorizing with GitHub to upload your service account to a GitHub repository's secrets store. 
[info] 
[info] Visit this URL on this device to log in:
[info] https://github.com/login/oauth/authorize?client_id=89cf50f02ac6aaed3484&state=687554789&redirect_uri=http%3A%2F%2Flocalhost%3A9005&scope=read%3Auser%20repo%20public_repo
[info] 
[info] Waiting for authentication...
[debug] [2023-03-15T18:50:32.643Z] >>> [apiv2][query] POST https://github.com/login/oauth/access_token [none]
[debug] [2023-03-15T18:50:32.643Z] >>> [apiv2][body] POST https://github.com/login/oauth/access_token [stream]
[debug] [2023-03-15T18:50:32.887Z] <<< [apiv2][status] POST https://github.com/login/oauth/access_token 200
[debug] [2023-03-15T18:50:32.887Z] <<< [apiv2][body] POST https://github.com/login/oauth/access_token {"access_token":"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","token_type":"bearer","scope":"read:user,repo"}
[debug] [2023-03-15T18:50:32.894Z] >>> [apiv2][query] GET https://api.github.com/user [none]
[debug] [2023-03-15T18:50:33.209Z] <<< [apiv2][status] GET https://api.github.com/user 200
[debug] [2023-03-15T18:50:33.210Z] <<< [apiv2][body] GET https://api.github.com/user {"login":"JanusZhu","id":54954440,"node_id":"MDQ6VXNlcjU0OTU0NDQw","avatar_url":"https://avatars.githubusercontent.com/u/54954440?v=4","gravatar_id":"","url":"https://api.github.com/users/JanusZhu","html_url":"https://github.com/JanusZhu","followers_url":"https://api.github.com/users/JanusZhu/followers","following_url":"https://api.github.com/users/JanusZhu/following{/other_user}","gists_url":"https://api.github.com/users/JanusZhu/gists{/gist_id}","starred_url":"https://api.github.com/users/JanusZhu/starred{/owner}{/repo}","subscriptions_url":"https://api.github.com/users/JanusZhu/subscriptions","organizations_url":"https://api.github.com/users/JanusZhu/orgs","repos_url":"https://api.github.com/users/JanusZhu/repos","events_url":"https://api.github.com/users/JanusZhu/events{/privacy}","received_events_url":"https://api.github.com/users/JanusZhu/received_events","type":"User","site_admin":false,"name":null,"company":null,"blog":"https://janus-portfolio.netlify.app/","location":null,"email":null,"hireable":null,"bio":"Hi I'm Janus, a Software Developer and a senior year student. I'm looking for new graduate full-time jobs! | JavaScript, Python, HTML, CSS| Web 3.0 enthusiast","twitter_username":null,"public_repos":37,"public_gists":0,"followers":0,"following":0,"created_at":"2019-09-05T17:08:57Z","updated_at":"2023-03-12T01:35:40Z","private_gists":0,"total_private_repos":1,"owned_private_repos":1,"disk_usage":89956,"collaborators":1,"two_factor_authentication":false,"plan":{"name":"pro","space":976562499,"collaborators":0,"private_repos":9999}}
[info] 
[info] ✔  Success! Logged into GitHub as JanusZhu 
[info] 
